Eye-et-glass-Advance/AdvancedLayout/app/build/outputs/logs/manifest-merger-debug-report.txt
-- Merging decision tree log ---
manifest
ADDED from src/main/AndroidManifest.xml:2:1-72:12
	xmlns:android
		ADDED from src/main/AndroidManifest.xml:2:11-69
	package
		ADDED from src/main/AndroidManifest.xml:3:5-71
		INJECTED from src/main/AndroidManifest.xml
		INJECTED from src/main/AndroidManifest.xml
	android:versionName
		ADDED from src/main/AndroidManifest.xml:5:5-32
	android:versionCode
		ADDED from src/main/AndroidManifest.xml:4:5-32
		INJECTED from src/main/AndroidManifest.xml
		INJECTED from src/main/AndroidManifest.xml
uses-sdk
ADDED from src/main/AndroidManifest.xml:7:5-9:41
MERGED from [com.android.support:appcompat-v7:23.1.1] AndroidManifest.xml:20:5-43
MERGED from [com.android.support:support-v4:23.1.1] AndroidManifest.xml:20:5-43
MERGED from [AdvancedLayout:SmartExtensionAPI:unspecified] AndroidManifest.xml:5:5-7:40
MERGED from [AdvancedLayout:SmartExtensionUtils:unspecified] AndroidManifest.xml:5:5-7:40
MERGED from [AdvancedLayout:SmartExtensionAPI:unspecified] AndroidManifest.xml:5:5-7:40
MERGED from [AdvancedLayout:SmartEyeglassAPI:unspecified] AndroidManifest.xml:5:5-7:41
MERGED from [AdvancedLayout:SmartExtensionAPI:unspecified] AndroidManifest.xml:5:5-7:40
MERGED from [AdvancedLayout:SmartExtensionUtils:unspecified] AndroidManifest.xml:5:5-7:40
MERGED from [AdvancedLayout:SmartExtensionAPI:unspecified] AndroidManifest.xml:5:5-7:40
	android:targetSdkVersion
		ADDED from src/main/AndroidManifest.xml:9:9-38
		INJECTED from src/main/AndroidManifest.xml
		INJECTED from src/main/AndroidManifest.xml
	android:minSdkVersion
		ADDED from src/main/AndroidManifest.xml:8:9-35
		INJECTED from src/main/AndroidManifest.xml
		INJECTED from src/main/AndroidManifest.xml
uses-permission#com.sonyericsson.extras.liveware.aef.EXTENSION_PERMISSION
ADDED from src/main/AndroidManifest.xml:11:5-97
	android:name
		ADDED from src/main/AndroidManifest.xml:11:22-94
uses-permission#com.sony.smarteyeglass.permission.SMARTEYEGLASS
ADDED from src/main/AndroidManifest.xml:12:5-87
	android:name
		ADDED from src/main/AndroidManifest.xml:12:22-84
uses-permission#android.permission.INTERNET
ADDED from src/main/AndroidManifest.xml:13:5-66
	android:name
		ADDED from src/main/AndroidManifest.xml:13:22-64
uses-permission#android.permission.ACCESS_NETWORK_STATE
ADDED from src/main/AndroidManifest.xml:14:5-78
	android:name
		ADDED from src/main/AndroidManifest.xml:14:22-76
uses-permission#com.sony.smarteyeglass.permission.CAMERA
ADDED from src/main/AndroidManifest.xml:15:5-80
	android:name
		ADDED from src/main/AndroidManifest.xml:15:22-77
uses-permission#android.permission.WRITE_EXTERNAL_STORAGE
ADDED from src/main/AndroidManifest.xml:16:5-81
	android:name
		ADDED from src/main/AndroidManifest.xml:16:22-78
application
ADDED from src/main/AndroidManifest.xml:19:5-70:19
MERGED from [com.android.support:appcompat-v7:23.1.1] AndroidManifest.xml:22:5-20
MERGED from [com.android.support:support-v4:23.1.1] AndroidManifest.xml:22:5-20
	android:label
		ADDED from src/main/AndroidManifest.xml:22:9-41
	android:allowBackup
		ADDED from src/main/AndroidManifest.xml:20:9-36
	android:icon
		ADDED from src/main/AndroidManifest.xml:21:9-38
activity#com.example.sony.smarteyeglass.extension.advancedlayouts.AdvancedLayoutsPreferenceActivity
ADDED from src/main/AndroidManifest.xml:23:9-29:20
	android:label
		ADDED from src/main/AndroidManifest.xml:25:13-62
	android:name
		ADDED from src/main/AndroidManifest.xml:24:13-118
intent-filter#android.intent.action.MAIN
ADDED from src/main/AndroidManifest.xml:26:13-28:29
action#android.intent.action.MAIN
ADDED from src/main/AndroidManifest.xml:27:17-69
	android:name
		ADDED from src/main/AndroidManifest.xml:27:25-66
service#com.example.sony.smarteyeglass.extension.advancedlayouts.AdvancedLayoutsExtensionService
ADDED from src/main/AndroidManifest.xml:31:9-124
	android:name
		ADDED from src/main/AndroidManifest.xml:31:18-121
receiver#com.example.sony.smarteyeglass.extension.advancedlayouts.AdvancedLayoutsExtensionReceiver
ADDED from src/main/AndroidManifest.xml:33:9-69:20
	android:name
		ADDED from src/main/AndroidManifest.xml:33:19-123
intent-filter#android.intent.action.LOCALE_CHANGED+com.sonyericsson.extras.aef.control.ERROR+com.sonyericsson.extras.aef.control.KEY_EVENT+com.sonyericsson.extras.aef.control.LIST_ITEM_CLICK+com.sonyericsson.extras.aef.control.LIST_ITEM_SELECTED+com.sonyericsson.extras.aef.control.LIST_REFERESH_REQUEST+com.sonyericsson.extras.aef.control.LIST_REQUEST_ITEM+com.sonyericsson.extras.aef.control.MENU_ITEM_SELECTED+com.sonyericsson.extras.aef.control.MENU_SHOW+com.sonyericsson.extras.aef.control.OBJECT_CLICK_EVENT+com.sonyericsson.extras.aef.control.PAUSE+com.sonyericsson.extras.aef.control.RESUME+com.sonyericsson.extras.aef.control.START+com.sonyericsson.extras.aef.control.STOP+com.sonyericsson.extras.aef.control.SWIPE_EVENT+com.sonyericsson.extras.aef.control.TAP_EVENT+com.sonyericsson.extras.aef.control.TOUCH_EVENT+com.sonyericsson.extras.aef.widget.ONTOUCH+com.sonyericsson.extras.aef.widget.START_REFRESH_IMAGE_REQUEST+com.sonyericsson.extras.aef.widget.STOP_REFRESH_IMAGE_REQUEST+com.sonyericsson.extras.liveware.aef.notification.REFRESH_REQUEST+com.sonyericsson.extras.liveware.aef.notification.VIEW_EVENT_DETAIL+com.sonyericsson.extras.liveware.aef.registration.ACCESSORY_CONNECTION+com.sonyericsson.extras.liveware.aef.registration.EXTENSION_REGISTER_REQUEST+com.sonyericsson.extras.liveware.extension.util.widget.scheduled.refresh
ADDED from src/main/AndroidManifest.xml:34:13-68:29
action#com.sonyericsson.extras.liveware.aef.registration.EXTENSION_REGISTER_REQUEST
ADDED from src/main/AndroidManifest.xml:37:17-119
	android:name
		ADDED from src/main/AndroidManifest.xml:37:25-116
action#com.sonyericsson.extras.liveware.aef.registration.ACCESSORY_CONNECTION
ADDED from src/main/AndroidManifest.xml:38:17-113
	android:name
		ADDED from src/main/AndroidManifest.xml:38:25-110
action#android.intent.action.LOCALE_CHANGED
ADDED from src/main/AndroidManifest.xml:39:17-79
	android:name
		ADDED from src/main/AndroidManifest.xml:39:25-76
action#com.sonyericsson.extras.liveware.aef.notification.VIEW_EVENT_DETAIL
ADDED from src/main/AndroidManifest.xml:42:17-110
	android:name
		ADDED from src/main/AndroidManifest.xml:42:25-107
action#com.sonyericsson.extras.liveware.aef.notification.REFRESH_REQUEST
ADDED from src/main/AndroidManifest.xml:43:17-108
	android:name
		ADDED from src/main/AndroidManifest.xml:43:25-105
action#com.sonyericsson.extras.aef.widget.START_REFRESH_IMAGE_REQUEST
ADDED from src/main/AndroidManifest.xml:46:17-105
	android:name
		ADDED from src/main/AndroidManifest.xml:46:25-102
action#com.sonyericsson.extras.aef.widget.STOP_REFRESH_IMAGE_REQUEST
ADDED from src/main/AndroidManifest.xml:47:17-104
	android:name
		ADDED from src/main/AndroidManifest.xml:47:25-101
action#com.sonyericsson.extras.aef.widget.ONTOUCH
ADDED from src/main/AndroidManifest.xml:48:17-85
	android:name
		ADDED from src/main/AndroidManifest.xml:48:25-82
action#com.sonyericsson.extras.liveware.extension.util.widget.scheduled.refresh
ADDED from src/main/AndroidManifest.xml:49:17-115
	android:name
		ADDED from src/main/AndroidManifest.xml:49:25-112
action#com.sonyericsson.extras.aef.control.START
ADDED from src/main/AndroidManifest.xml:52:17-84
	android:name
		ADDED from src/main/AndroidManifest.xml:52:25-81
action#com.sonyericsson.extras.aef.control.STOP
ADDED from src/main/AndroidManifest.xml:53:17-83
	android:name
		ADDED from src/main/AndroidManifest.xml:53:25-80
action#com.sonyericsson.extras.aef.control.PAUSE
ADDED from src/main/AndroidManifest.xml:54:17-84
	android:name
		ADDED from src/main/AndroidManifest.xml:54:25-81
action#com.sonyericsson.extras.aef.control.RESUME
ADDED from src/main/AndroidManifest.xml:55:17-85
	android:name
		ADDED from src/main/AndroidManifest.xml:55:25-82
action#com.sonyericsson.extras.aef.control.ERROR
ADDED from src/main/AndroidManifest.xml:56:17-84
	android:name
		ADDED from src/main/AndroidManifest.xml:56:25-81
action#com.sonyericsson.extras.aef.control.KEY_EVENT
ADDED from src/main/AndroidManifest.xml:57:17-88
	android:name
		ADDED from src/main/AndroidManifest.xml:57:25-85
action#com.sonyericsson.extras.aef.control.TOUCH_EVENT
ADDED from src/main/AndroidManifest.xml:58:17-90
	android:name
		ADDED from src/main/AndroidManifest.xml:58:25-87
action#com.sonyericsson.extras.aef.control.TAP_EVENT
ADDED from src/main/AndroidManifest.xml:59:17-88
	android:name
		ADDED from src/main/AndroidManifest.xml:59:25-85
action#com.sonyericsson.extras.aef.control.SWIPE_EVENT
ADDED from src/main/AndroidManifest.xml:60:17-90
	android:name
		ADDED from src/main/AndroidManifest.xml:60:25-87
action#com.sonyericsson.extras.aef.control.OBJECT_CLICK_EVENT
ADDED from src/main/AndroidManifest.xml:61:17-97
	android:name
		ADDED from src/main/AndroidManifest.xml:61:25-94
action#com.sonyericsson.extras.aef.control.LIST_REFERESH_REQUEST
ADDED from src/main/AndroidManifest.xml:62:17-100
	android:name
		ADDED from src/main/AndroidManifest.xml:62:25-97
action#com.sonyericsson.extras.aef.control.LIST_REQUEST_ITEM
ADDED from src/main/AndroidManifest.xml:63:17-96
	android:name
		ADDED from src/main/AndroidManifest.xml:63:25-93
action#com.sonyericsson.extras.aef.control.LIST_ITEM_CLICK
ADDED from src/main/AndroidManifest.xml:64:17-94
	android:name
		ADDED from src/main/AndroidManifest.xml:64:25-91
action#com.sonyericsson.extras.aef.control.LIST_ITEM_SELECTED
ADDED from src/main/AndroidManifest.xml:65:17-97
	android:name
		ADDED from src/main/AndroidManifest.xml:65:25-94
action#com.sonyericsson.extras.aef.control.MENU_ITEM_SELECTED
ADDED from src/main/AndroidManifest.xml:66:17-97
	android:name
		ADDED from src/main/AndroidManifest.xml:66:25-94
action#com.sonyericsson.extras.aef.control.MENU_SHOW
ADDED from src/main/AndroidManifest.xml:67:17-88
	android:name
		ADDED from src/main/AndroidManifest.xml:67:25-85